<?xml version="1.0" encoding="utf-8"?><testsuites name="pytest tests"><testsuite name="pytest" errors="0" failures="0" skipped="0" tests="15" time="8.578" timestamp="2026-03-27T05:28:25.720412+00:00" hostname="agent-env-c6ca8f9a-0c1b-430f-a811-58dd1c98bcd3"><testcase classname="backend.tests.test_admin_panel.TestAdminLogin" name="test_admin_login_success" time="0.472" /><testcase classname="backend.tests.test_admin_panel.TestAdminLogin" name="test_admin_login_invalid_email" time="0.100" /><testcase classname="backend.tests.test_admin_panel.TestAdminLogin" name="test_admin_login_invalid_password" time="0.330" /><testcase classname="backend.tests.test_admin_panel.TestAdminDashboard" name="test_admin_stats" time="0.442" /><testcase classname="backend.tests.test_admin_panel.TestAdminDashboard" name="test_admin_stats_unauthorized" time="0.439" /><testcase classname="backend.tests.test_admin_panel.TestAdminDashboard" name="test_admin_me" time="0.456" /><testcase classname="backend.tests.test_admin_panel.TestAdminUsers" name="test_get_all_users" time="0.463" /><testcase classname="backend.tests.test_admin_panel.TestAdminUsers" name="test_get_users_unauthorized" time="0.435" /><testcase classname="backend.tests.test_admin_panel.TestAdminDepositRequests" name="test_get_all_deposit_requests" time="0.452" /><testcase classname="backend.tests.test_admin_panel.TestAdminDepositRequests" name="test_get_pending_deposit_requests" time="0.463" /><testcase classname="backend.tests.test_admin_panel.TestAdminDepositRequests" name="test_get_approved_deposit_requests" time="0.432" /><testcase classname="backend.tests.test_admin_panel.TestUserDepositFlow" name="test_user_submit_deposit_request" time="0.822" /><testcase classname="backend.tests.test_admin_panel.TestUserDepositFlow" name="test_user_get_deposit_requests" time="0.757" /><testcase classname="backend.tests.test_admin_panel.TestDepositApprovalFlow" name="test_full_deposit_approval_flow" time="1.241" /><testcase classname="backend.tests.test_admin_panel.TestDepositRejectionFlow" name="test_deposit_rejection" time="1.088" /></testsuite></testsuites>