<?xml version="1.0" encoding="utf-8"?><testsuites name="pytest tests"><testsuite name="pytest" errors="0" failures="0" skipped="0" tests="19" time="2.411" timestamp="2026-04-24T10:42:54.869522+00:00" hostname="agent-env-c6ca8f9a-0c1b-430f-a811-58dd1c98bcd3"><testcase classname="backend.tests.test_tgx_comprehensive.TestAuthentication" name="test_login_demo_user" time="0.502" /><testcase classname="backend.tests.test_tgx_comprehensive.TestAuthentication" name="test_login_admin_user" time="0.328" /><testcase classname="backend.tests.test_tgx_comprehensive.TestAuthentication" name="test_registration_requires_referral_code" time="0.054" /><testcase classname="backend.tests.test_tgx_comprehensive.TestWelcomeBonus" name="test_wallet_shows_welcome_bonus" time="0.050" /><testcase classname="backend.tests.test_tgx_comprehensive.TestWelcomeBonus" name="test_welcome_bonus_amount_is_200" time="0.055" /><testcase classname="backend.tests.test_tgx_comprehensive.TestWelcomeBonus" name="test_welcome_bonus_expires_in_3_days" time="0.000" /><testcase classname="backend.tests.test_tgx_comprehensive.TestVIPRankSystem" name="test_team_rank_info_endpoint" time="0.068" /><testcase classname="backend.tests.test_tgx_comprehensive.TestVIPRankSystem" name="test_team_rank_all_levels_endpoint" time="0.058" /><testcase classname="backend.tests.test_tgx_comprehensive.TestVIPRankSystem" name="test_futures_balance_excludes_welcome_bonus_for_rank" time="0.115" /><testcase classname="backend.tests.test_tgx_comprehensive.TestWalletSystem" name="test_wallet_has_spot_and_futures" time="0.053" /><testcase classname="backend.tests.test_tgx_comprehensive.TestWalletSystem" name="test_transfer_spot_to_futures" time="0.172" /><testcase classname="backend.tests.test_tgx_comprehensive.TestWalletSystem" name="test_transfer_futures_to_spot" time="0.182" /><testcase classname="backend.tests.test_tgx_comprehensive.TestWithdrawalLimits" name="test_withdrawal_limits_endpoint" time="0.052" /><testcase classname="backend.tests.test_tgx_comprehensive.TestWithdrawalLimits" name="test_welcome_bonus_not_withdrawable" time="0.053" /><testcase classname="backend.tests.test_tgx_comprehensive.TestTradingProfit" name="test_trading_profit_field_exists" time="0.058" /><testcase classname="backend.tests.test_tgx_comprehensive.TestAdminDashboard" name="test_admin_login" time="0.338" /><testcase classname="backend.tests.test_tgx_comprehensive.TestAdminDashboard" name="test_admin_dashboard_stats" time="0.100" /><testcase classname="backend.tests.test_tgx_comprehensive.TestDepositLimits" name="test_deposit_limits_endpoint" time="0.050" /><testcase classname="backend.tests.test_tgx_comprehensive.TestMarketPrices" name="test_market_prices_endpoint" time="0.053" /></testsuite></testsuites>