<?xml version="1.0" encoding="utf-8"?><testsuites name="pytest tests"><testsuite name="pytest" errors="0" failures="3" skipped="0" tests="33" time="13.536" timestamp="2026-03-27T10:53:33.557138+00:00" hostname="agent-env-c6ca8f9a-0c1b-430f-a811-58dd1c98bcd3"><testcase classname="backend.tests.test_tgxchange_comprehensive.TestHealthAndMarkets" name="test_market_prices_returns_50_coins" time="0.414" /><testcase classname="backend.tests.test_tgxchange_comprehensive.TestHealthAndMarkets" name="test_market_realtime_price" time="0.482" /><testcase classname="backend.tests.test_tgxchange_comprehensive.TestHealthAndMarkets" name="test_market_chart_data" time="0.212" /><testcase classname="backend.tests.test_tgxchange_comprehensive.TestHealthAndMarkets" name="test_market_binance_klines" time="0.406" /><testcase classname="backend.tests.test_tgxchange_comprehensive.TestHealthAndMarkets" name="test_deposit_limits_public" time="0.098" /><testcase classname="backend.tests.test_tgxchange_comprehensive.TestAuthentication" name="test_login_success" time="0.359" /><testcase classname="backend.tests.test_tgxchange_comprehensive.TestAuthentication" name="test_login_invalid_credentials" time="0.320" /><testcase classname="backend.tests.test_tgxchange_comprehensive.TestAuthentication" name="test_login_nonexistent_user" time="0.096" /><testcase classname="backend.tests.test_tgxchange_comprehensive.TestAuthentication" name="test_get_current_user" time="0.477" /><testcase classname="backend.tests.test_tgxchange_comprehensive.TestAuthentication" name="test_register_requires_referral_code" time="0.099" /><testcase classname="backend.tests.test_tgxchange_comprehensive.TestWallet" name="test_get_wallet" time="0.456" /><testcase classname="backend.tests.test_tgxchange_comprehensive.TestWallet" name="test_withdrawal_limits" time="0.427" /><testcase classname="backend.tests.test_tgxchange_comprehensive.TestTrading" name="test_buy_crypto" time="0.613" /><testcase classname="backend.tests.test_tgxchange_comprehensive.TestTrading" name="test_trade_invalid_coin" time="0.555" /><testcase classname="backend.tests.test_tgxchange_comprehensive.TestTrading" name="test_trade_invalid_type" time="0.459" /><testcase classname="backend.tests.test_tgxchange_comprehensive.TestTransactions" name="test_get_transactions" time="0.436" /><testcase classname="backend.tests.test_tgxchange_comprehensive.TestReferralSystem" name="test_get_referral_stats" time="0.495" /><testcase classname="backend.tests.test_tgxchange_comprehensive.TestReferralSystem" name="test_get_referral_team" time="0.432"><failure message="AssertionError: assert 'team' in {'team_members': [{'earnings_from': 0.0, 'email': 'kr****@gmail.com', 'fund': 200.0, 'joined_at': '2026-03-27T08:48:57.512678+00:00', ...}, {'earnings_from': 0.0, 'email': 'go****@test.com', 'fund': 200.0, 'joined_at': '2026-03-27T08:34:30.311430+00:00', ...}, {'earnings_from': 0.0, 'email': 're****@test.com', 'fund': 200.0, 'joined_at': '2026-03-26T18:51:37.278540+00:00', ...}], 'total': 3}">backend/tests/test_tgxchange_comprehensive.py:296: in test_get_referral_team
    assert "team" in data
E   AssertionError: assert 'team' in {'team_members': [{'earnings_from': 0.0, 'email': 'kr****@gmail.com', 'fund': 200.0, 'joined_at': '2026-03-27T08:48:57.512678+00:00', ...}, {'earnings_from': 0.0, 'email': 'go****@test.com', 'fund': 200.0, 'joined_at': '2026-03-27T08:34:30.311430+00:00', ...}, {'earnings_from': 0.0, 'email': 're****@test.com', 'fund': 200.0, 'joined_at': '2026-03-26T18:51:37.278540+00:00', ...}], 'total': 3}</failure></testcase><testcase classname="backend.tests.test_tgxchange_comprehensive.TestRankSystem" name="test_get_vip_rank" time="0.426"><failure message="assert 404 == 200&#10; +  where 404 = &lt;Response [404]&gt;.status_code">backend/tests/test_tgxchange_comprehensive.py:317: in test_get_vip_rank
    assert response.status_code == 200
E   assert 404 == 200
E    +  where 404 = &lt;Response [404]&gt;.status_code</failure></testcase><testcase classname="backend.tests.test_tgxchange_comprehensive.TestRankSystem" name="test_get_all_rank_levels" time="0.426" /><testcase classname="backend.tests.test_tgxchange_comprehensive.TestRankSystem" name="test_get_team_rank" time="0.417"><failure message="assert 404 == 200&#10; +  where 404 = &lt;Response [404]&gt;.status_code">backend/tests/test_tgxchange_comprehensive.py:339: in test_get_team_rank
    assert response.status_code == 200
E   assert 404 == 200
E    +  where 404 = &lt;Response [404]&gt;.status_code</failure></testcase><testcase classname="backend.tests.test_tgxchange_comprehensive.TestRankSystem" name="test_get_all_team_rank_levels" time="0.424" /><testcase classname="backend.tests.test_tgxchange_comprehensive.TestDepositSystem" name="test_get_deposit_address" time="0.437" /><testcase classname="backend.tests.test_tgxchange_comprehensive.TestDepositSystem" name="test_get_user_deposit_requests" time="0.423" /><testcase classname="backend.tests.test_tgxchange_comprehensive.TestWithdrawSystem" name="test_get_user_withdraw_requests" time="0.450" /><testcase classname="backend.tests.test_tgxchange_comprehensive.TestWithdrawSystem" name="test_withdraw_minimum_validation" time="0.471" /><testcase classname="backend.tests.test_tgxchange_comprehensive.Test2FASystem" name="test_get_2fa_status" time="0.461" /><testcase classname="backend.tests.test_tgxchange_comprehensive.Test2FASystem" name="test_setup_2fa" time="0.591" /><testcase classname="backend.tests.test_tgxchange_comprehensive.TestAdminPanel" name="test_admin_login" time="0.330" /><testcase classname="backend.tests.test_tgxchange_comprehensive.TestAdminPanel" name="test_admin_login_invalid" time="0.318" /><testcase classname="backend.tests.test_tgxchange_comprehensive.TestAdminPanel" name="test_admin_stats" time="0.418" /><testcase classname="backend.tests.test_tgxchange_comprehensive.TestAdminPanel" name="test_admin_users_list" time="0.435" /><testcase classname="backend.tests.test_tgxchange_comprehensive.TestAdminPanel" name="test_admin_deposit_requests" time="0.424" /></testsuite></testsuites>