<?xml version="1.0" encoding="utf-8"?><testsuites name="pytest tests"><testsuite name="pytest" errors="0" failures="0" skipped="0" tests="24" time="9.378" timestamp="2026-04-07T11:27:56.482842+00:00" hostname="agent-env-c6ca8f9a-0c1b-430f-a811-58dd1c98bcd3"><testcase classname="backend.tests.test_tgx_full_flow.TestHealthAndMarket" name="test_market_prices_endpoint" time="0.316" /><testcase classname="backend.tests.test_tgx_full_flow.TestUserRegistration" name="test_registration_requires_referral_code" time="0.099" /><testcase classname="backend.tests.test_tgx_full_flow.TestUserRegistration" name="test_registration_with_invalid_referral" time="0.103" /><testcase classname="backend.tests.test_tgx_full_flow.TestUserRegistration" name="test_registration_with_admin_referral" time="0.335" /><testcase classname="backend.tests.test_tgx_full_flow.TestUserLogin" name="test_login_with_invalid_credentials" time="0.323" /><testcase classname="backend.tests.test_tgx_full_flow.TestUserLogin" name="test_login_with_demo_user" time="0.320" /><testcase classname="backend.tests.test_tgx_full_flow.TestUserLogin" name="test_login_response_time" time="0.325" /><testcase classname="backend.tests.test_tgx_full_flow.TestWalletAndBalance" name="test_wallet_balance_display" time="0.424" /><testcase classname="backend.tests.test_tgx_full_flow.TestWalletAndBalance" name="test_deposit_limits" time="0.442" /><testcase classname="backend.tests.test_tgx_full_flow.TestDepositAddressGeneration" name="test_all_deposit_addresses" time="0.422" /><testcase classname="backend.tests.test_tgx_full_flow.TestDepositAddressGeneration" name="test_bsc_deposit_address" time="0.451" /><testcase classname="backend.tests.test_tgx_full_flow.TestDepositAddressGeneration" name="test_eth_deposit_address" time="0.458" /><testcase classname="backend.tests.test_tgx_full_flow.TestDepositAddressGeneration" name="test_polygon_deposit_address" time="0.422" /><testcase classname="backend.tests.test_tgx_full_flow.TestDepositAddressGeneration" name="test_tron_deposit_address" time="0.422" /><testcase classname="backend.tests.test_tgx_full_flow.TestDepositAddressGeneration" name="test_solana_deposit_address" time="0.483" /><testcase classname="backend.tests.test_tgx_full_flow.TestTradingPage" name="test_chart_data_endpoint" time="0.521" /><testcase classname="backend.tests.test_tgx_full_flow.TestReferralSystem" name="test_referral_stats" time="0.438" /><testcase classname="backend.tests.test_tgx_full_flow.TestReferralSystem" name="test_referral_link_generation" time="0.454" /><testcase classname="backend.tests.test_tgx_full_flow.TestTeamRankPage" name="test_team_rank_info" time="0.428" /><testcase classname="backend.tests.test_tgx_full_flow.TestProfilePage" name="test_profile_data" time="0.435" /><testcase classname="backend.tests.test_tgx_full_flow.TestAdminPanel" name="test_admin_login" time="0.335" /><testcase classname="backend.tests.test_tgx_full_flow.TestAdminPanel" name="test_admin_dashboard_stats" time="0.419" /><testcase classname="backend.tests.test_tgx_full_flow.TestAPIResponseTimes" name="test_wallet_response_time" time="0.645" /><testcase classname="backend.tests.test_tgx_full_flow.TestAPIResponseTimes" name="test_market_prices_response_time" time="0.299" /></testsuite></testsuites>