<?xml version="1.0" encoding="utf-8"?><testsuites name="pytest tests"><testsuite name="pytest" errors="0" failures="0" skipped="0" tests="10" time="4.088" timestamp="2026-03-29T11:40:30.022650+00:00" hostname="agent-env-c6ca8f9a-0c1b-430f-a811-58dd1c98bcd3"><testcase classname="backend.tests.test_transfer_feature.TestTransferFeature" name="test_get_wallet_shows_spot_and_futures_balance" time="0.484" /><testcase classname="backend.tests.test_transfer_feature.TestTransferFeature" name="test_transfer_spot_to_futures" time="0.480" /><testcase classname="backend.tests.test_transfer_feature.TestTransferFeature" name="test_transfer_futures_to_spot" time="0.424" /><testcase classname="backend.tests.test_transfer_feature.TestTransferFeature" name="test_transfer_insufficient_spot_balance" time="0.369" /><testcase classname="backend.tests.test_transfer_feature.TestTransferFeature" name="test_transfer_insufficient_futures_balance" time="0.374" /><testcase classname="backend.tests.test_transfer_feature.TestTransferFeature" name="test_transfer_invalid_direction" time="0.370" /><testcase classname="backend.tests.test_transfer_feature.TestTransferFeature" name="test_transfer_zero_amount" time="0.371" /><testcase classname="backend.tests.test_transfer_feature.TestTransferFeature" name="test_transfer_negative_amount" time="0.369" /><testcase classname="backend.tests.test_transfer_feature.TestWalletBalanceDisplay" name="test_wallet_has_all_required_fields" time="0.362" /><testcase classname="backend.tests.test_transfer_feature.TestWalletBalanceDisplay" name="test_futures_balance_is_separate_from_spot" time="0.374" /></testsuite></testsuites>